this player:  player1
{'mode': 'POMDP', 'start_money': 1000, 'stop_loss_high': 2000, 'stop_loss_low': 250}
Players
[{'mode': 'POMDP', 'start_money': 1000, 'stop_loss_high': 2000, 'stop_loss_low': 250}]
creating deck with length 8
Bet state actions:  ['betH 100']
Done get_observed_states_from_bet_state
Done get_belief_states_from_observed_states
Done get_dealer_states_from_belief_states
Done get_bet_states_from_dealer_states
In betting value:  0  returning action: l
Traceback (most recent call last):
  File "/home/thomasriffe/AI_algs/BlackjackProject/CSCI4511-FinalProject-Zack-Tommy/game/game.py", line 299, in <module>
    curses.wrapper(main)	
  File "/usr/lib/python3.10/curses/__init__.py", line 94, in wrapper
    return func(stdscr, *args, **kwds)
  File "/home/thomasriffe/AI_algs/BlackjackProject/CSCI4511-FinalProject-Zack-Tommy/game/game.py", line 295, in main
    game.run()
  File "/home/thomasriffe/AI_algs/BlackjackProject/CSCI4511-FinalProject-Zack-Tommy/game/game.py", line 39, in run
    self.gameplay()
  File "/home/thomasriffe/AI_algs/BlackjackProject/CSCI4511-FinalProject-Zack-Tommy/game/game.py", line 92, in gameplay
    self._turn()
  File "/home/thomasriffe/AI_algs/BlackjackProject/CSCI4511-FinalProject-Zack-Tommy/game/game.py", line 156, in _turn
    cmd = player.get_options(self.players, self.dealer)
  File "/home/thomasriffe/AI_algs/BlackjackProject/CSCI4511-FinalProject-Zack-Tommy/game/solver.py", line 59, in get_options
    if card not in self.seen and card.facedown is False:
TypeError: argument of type 'CardSet' is not iterable
